#
# A fatal error has been detected by the Java Runtime Environment:
#
#  SIGSEGV (0xb) at pc=0x000000010398b1fe, pid=49891, tid=40707
#
# JRE version: Java(TM) SE Runtime Environment (9.0+11) (build 9.0.4+11)
# Java VM: Java HotSpot(TM) 64-Bit Server VM (9.0.4+11, mixed mode, tiered, compressed oops, g1 gc, bsd-amd64)
# Problematic frame:
# V  [libjvm.dylib+0x7191fe]  void MemoryAccess::put<int>(int)+0x3e
#
# No core dump will be written. Core dumps have been disabled. To enable core dumping, try "ulimit -c unlimited" before starting Java again
#
# If you would like to submit a bug report, please visit:
#   http://bugreport.java.com/bugreport/crash.jsp
#

---------------  S U M M A R Y ------------

Command Line: -ea -Didea.test.cyclic.buffer.size=1048576 -javaagent:/Applications/IntelliJ IDEA.app/Contents/lib/idea_rt.jar=55528:/Applications/IntelliJ IDEA.app/Contents/bin -Dfile.encoding=UTF-8 com.intellij.rt.execution.junit.JUnitStarter -ideVersion5 -junit4 org.reaktivity.nukleus.socks.internal.control.ControlIT,shouldUnrouteReverseClient

Host: MacBookPro12,1 x86_64 2900 MHz, 4 cores, 8G, Darwin 18.7.0
Time: Wed Aug 28 11:56:10 2019 PDT elapsed time: 1 seconds (0d 0h 0m 1s)

---------------  T H R E A D  ---------------

Current thread (0x00007fa73c8e6800):  JavaThread "reaktor/control" daemon [_thread_in_vm, id=40707, stack(0x000070000526f000,0x000070000536f000)]

Stack: [0x000070000526f000,0x000070000536f000],  sp=0x000070000536d8f0,  free space=1018k
Native frames: (J=compiled Java code, A=aot compiled Java code, j=interpreted, Vv=VM code, C=native code)
V  [libjvm.dylib+0x7191fe]  void MemoryAccess::put<int>(int)+0x3e
V  [libjvm.dylib+0x71354e]  Unsafe_PutInt(JNIEnv_*, _jobject*, _jobject*, long, int)+0x5e
j  jdk.internal.misc.Unsafe.putInt(Ljava/lang/Object;JI)V+0 java.base@9.0.4
j  sun.misc.Unsafe.putInt(Ljava/lang/Object;JI)V+7 jdk.unsupported@9.0.4
j  org.agrona.concurrent.UnsafeBuffer.putInt(II)V+27
j  org.agrona.concurrent.status.CountersManager.allocate(Ljava/lang/String;I)I+31
j  org.agrona.concurrent.status.CountersManager.allocate(Ljava/lang/String;)I+3
j  org.agrona.concurrent.status.CountersManager.newCounter(Ljava/lang/String;)Lorg/agrona/concurrent/status/AtomicCounter;+10
j  org.reaktivity.reaktor.internal.Counters.newCounter(Ljava/lang/String;)Lorg/agrona/concurrent/status/AtomicCounter;+5
j  org.reaktivity.reaktor.internal.Counters$$Lambda$88.apply(Ljava/lang/Object;)Ljava/lang/Object;+8
J 361 c1 java.util.concurrent.ConcurrentHashMap.computeIfAbsent(Ljava/lang/Object;Ljava/util/function/Function;)Ljava/lang/Object; java.base@9.0.4 (576 bytes) @ 0x0000000119840554 [0x000000011983fc60+0x00000000000008f4]
j  org.reaktivity.reaktor.internal.Counters.counter(Ljava/lang/String;)Lorg/agrona/concurrent/status/AtomicCounter;+9
j  org.reaktivity.reaktor.internal.agent.ElektronAgent$ElektronRef.<init>(Lorg/reaktivity/reaktor/internal/agent/ElektronAgent;Ljava/lang/String;Lorg/reaktivity/nukleus/Elektron;)V+92
j  org.reaktivity.reaktor.internal.agent.ElektronAgent$ElektronRef.<init>(Lorg/reaktivity/reaktor/internal/agent/ElektronAgent;Ljava/lang/String;Lorg/reaktivity/nukleus/Elektron;Lorg/reaktivity/reaktor/internal/agent/ElektronAgent$1;)V+4
j  org.reaktivity.reaktor.internal.agent.ElektronAgent.lambda$onRouteable$3(Lorg/reaktivity/nukleus/Nukleus;Ljava/lang/String;)Lorg/reaktivity/reaktor/internal/agent/ElektronAgent$ElektronRef;+13
j  org.reaktivity.reaktor.internal.agent.ElektronAgent$$Lambda$117.apply(Ljava/lang/Object;)Ljava/lang/Object;+12
J 361 c1 java.util.concurrent.ConcurrentHashMap.computeIfAbsent(Ljava/lang/Object;Ljava/util/function/Function;)Ljava/lang/Object; java.base@9.0.4 (576 bytes) @ 0x0000000119840554 [0x000000011983fc60+0x00000000000008f4]
j  org.reaktivity.reaktor.internal.agent.ElektronAgent.onRouteable(JLorg/reaktivity/nukleus/Nukleus;)V+66
j  org.reaktivity.reaktor.internal.agent.NukleusAgent.lambda$onRouteable$0(JLorg/reaktivity/nukleus/Nukleus;Lorg/reaktivity/reaktor/internal/agent/ElektronAgent;)V+3
j  org.reaktivity.reaktor.internal.agent.NukleusAgent$$Lambda$116.accept(Ljava/lang/Object;)V+12
j  java.util.ArrayList.forEach(Ljava/util/function/Consumer;)V+46 java.base@9.0.4
j  org.reaktivity.reaktor.internal.agent.NukleusAgent.onRouteable(JLorg/reaktivity/nukleus/Nukleus;)V+11
j  org.reaktivity.reaktor.internal.agent.NukleusAgent.onRoute(Lorg/reaktivity/reaktor/internal/types/control/RouteFW;)V+84
j  org.reaktivity.reaktor.internal.agent.NukleusAgent.handleCommand(ILorg/agrona/MutableDirectBuffer;II)V+46
j  org.reaktivity.reaktor.internal.agent.NukleusAgent$$Lambda$79.onMessage(ILorg/agrona/MutableDirectBuffer;II)V+9
j  org.agrona.concurrent.ringbuffer.ManyToOneRingBuffer.read(Lorg/agrona/concurrent/MessageHandler;I)I+145
j  org.agrona.concurrent.ringbuffer.ManyToOneRingBuffer.read(Lorg/agrona/concurrent/MessageHandler;)I+4
j  org.reaktivity.reaktor.internal.agent.NukleusAgent.doWork()I+8
J 873 c1 org.agrona.concurrent.AgentRunner.doDutyCycle(Lorg/agrona/concurrent/IdleStrategy;Lorg/agrona/concurrent/Agent;)Z (40 bytes) @ 0x00000001199670cc [0x0000000119966fc0+0x000000000000010c]
j  org.agrona.concurrent.AgentRunner.run()V+65
j  java.lang.Thread.run()V+11 java.base@9.0.4
v  ~StubRoutines::call_stub
V  [libjvm.dylib+0x3a33ed]  JavaCalls::call_helper(JavaValue*, methodHandle const&, JavaCallArguments*, Thread*)+0x2b5
V  [libjvm.dylib+0x3a2905]  JavaCalls::call_virtual(JavaValue*, KlassHandle, Symbol*, Symbol*, JavaCallArguments*, Thread*)+0x13f
V  [libjvm.dylib+0x3a29d2]  JavaCalls::call_virtual(JavaValue*, Handle, KlassHandle, Symbol*, Symbol*, Thread*)+0x6a
V  [libjvm.dylib+0x4191c8]  thread_entry(JavaThread*, Thread*)+0x77
V  [libjvm.dylib+0x6f8910]  JavaThread::thread_main_inner()+0x86
V  [libjvm.dylib+0x5f02f3]  thread_native_entry(Thread*)+0x12b
C  [libsystem_pthread.dylib+0x32eb]  _pthread_body+0x7e
C  [libsystem_pthread.dylib+0x6249]  _pthread_start+0x42
C  [libsystem_pthread.dylib+0x240d]  thread_start+0xd
C  0x0000000000000000

Java frames: (J=compiled Java code, j=interpreted, Vv=VM code)
j  jdk.internal.misc.Unsafe.putInt(Ljava/lang/Object;JI)V+0 java.base@9.0.4
j  sun.misc.Unsafe.putInt(Ljava/lang/Object;JI)V+7 jdk.unsupported@9.0.4
j  org.agrona.concurrent.UnsafeBuffer.putInt(II)V+27
j  org.agrona.concurrent.status.CountersManager.allocate(Ljava/lang/String;I)I+31
j  org.agrona.concurrent.status.CountersManager.allocate(Ljava/lang/String;)I+3
j  org.agrona.concurrent.status.CountersManager.newCounter(Ljava/lang/String;)Lorg/agrona/concurrent/status/AtomicCounter;+10
j  org.reaktivity.reaktor.internal.Counters.newCounter(Ljava/lang/String;)Lorg/agrona/concurrent/status/AtomicCounter;+5
j  org.reaktivity.reaktor.internal.Counters$$Lambda$88.apply(Ljava/lang/Object;)Ljava/lang/Object;+8
J 361 c1 java.util.concurrent.ConcurrentHashMap.computeIfAbsent(Ljava/lang/Object;Ljava/util/function/Function;)Ljava/lang/Object; java.base@9.0.4 (576 bytes) @ 0x0000000119840554 [0x000000011983fc60+0x00000000000008f4]
j  org.reaktivity.reaktor.internal.Counters.counter(Ljava/lang/String;)Lorg/agrona/concurrent/status/AtomicCounter;+9
j  org.reaktivity.reaktor.internal.agent.ElektronAgent$ElektronRef.<init>(Lorg/reaktivity/reaktor/internal/agent/ElektronAgent;Ljava/lang/String;Lorg/reaktivity/nukleus/Elektron;)V+92
j  org.reaktivity.reaktor.internal.agent.ElektronAgent$ElektronRef.<init>(Lorg/reaktivity/reaktor/internal/agent/ElektronAgent;Ljava/lang/String;Lorg/reaktivity/nukleus/Elektron;Lorg/reaktivity/reaktor/internal/agent/ElektronAgent$1;)V+4
j  org.reaktivity.reaktor.internal.agent.ElektronAgent.lambda$onRouteable$3(Lorg/reaktivity/nukleus/Nukleus;Ljava/lang/String;)Lorg/reaktivity/reaktor/internal/agent/ElektronAgent$ElektronRef;+13
j  org.reaktivity.reaktor.internal.agent.ElektronAgent$$Lambda$117.apply(Ljava/lang/Object;)Ljava/lang/Object;+12
J 361 c1 java.util.concurrent.ConcurrentHashMap.computeIfAbsent(Ljava/lang/Object;Ljava/util/function/Function;)Ljava/lang/Object; java.base@9.0.4 (576 bytes) @ 0x0000000119840554 [0x000000011983fc60+0x00000000000008f4]
j  org.reaktivity.reaktor.internal.agent.ElektronAgent.onRouteable(JLorg/reaktivity/nukleus/Nukleus;)V+66
j  org.reaktivity.reaktor.internal.agent.NukleusAgent.lambda$onRouteable$0(JLorg/reaktivity/nukleus/Nukleus;Lorg/reaktivity/reaktor/internal/agent/ElektronAgent;)V+3
j  org.reaktivity.reaktor.internal.agent.NukleusAgent$$Lambda$116.accept(Ljava/lang/Object;)V+12
j  java.util.ArrayList.forEach(Ljava/util/function/Consumer;)V+46 java.base@9.0.4
j  org.reaktivity.reaktor.internal.agent.NukleusAgent.onRouteable(JLorg/reaktivity/nukleus/Nukleus;)V+11
j  org.reaktivity.reaktor.internal.agent.NukleusAgent.onRoute(Lorg/reaktivity/reaktor/internal/types/control/RouteFW;)V+84
j  org.reaktivity.reaktor.internal.agent.NukleusAgent.handleCommand(ILorg/agrona/MutableDirectBuffer;II)V+46
j  org.reaktivity.reaktor.internal.agent.NukleusAgent$$Lambda$79.onMessage(ILorg/agrona/MutableDirectBuffer;II)V+9
j  org.agrona.concurrent.ringbuffer.ManyToOneRingBuffer.read(Lorg/agrona/concurrent/MessageHandler;I)I+145
j  org.agrona.concurrent.ringbuffer.ManyToOneRingBuffer.read(Lorg/agrona/concurrent/MessageHandler;)I+4
j  org.reaktivity.reaktor.internal.agent.NukleusAgent.doWork()I+8
J 873 c1 org.agrona.concurrent.AgentRunner.doDutyCycle(Lorg/agrona/concurrent/IdleStrategy;Lorg/agrona/concurrent/Agent;)Z (40 bytes) @ 0x00000001199670cc [0x0000000119966fc0+0x000000000000010c]
j  org.agrona.concurrent.AgentRunner.run()V+65
j  java.lang.Thread.run()V+11 java.base@9.0.4
v  ~StubRoutines::call_stub

siginfo: si_signo: 11 (SIGSEGV), si_code: 1 (SEGV_MAPERR), si_addr: 0x000000010cbc6044

Register to memory mapping:

RAX=0x0000000000000000 is an unknown value
RBX=0x000070000536d940 is pointing into the stack for thread: 0x00007fa73c8e6800
RCX=0x000000010cbc6044 is an unknown value
RDX=0x0000000000000000 is an unknown value
RSP=0x000070000536d8f0 is pointing into the stack for thread: 0x00007fa73c8e6800
RBP=0x000070000536d920 is pointing into the stack for thread: 0x00007fa73c8e6800
RSI=0x0000000000000000 is an unknown value
RDI=0x000070000536d940 is pointing into the stack for thread: 0x00007fa73c8e6800
R8 =0x0000000000000000 is an unknown value
R9 =0x0000000000000002 is an unknown value
R10=0x0000000119254d89 is at code_begin+873 in an Interpreter codelet
method entry point (kind = native)  [0x0000000119254a20, 0x0000000119255440]  2592 bytes
R11=0x0000000000000101 is an unknown value
R12=0x000000010cbc6044 is an unknown value
R13=0x000070000536d940 is pointing into the stack for thread: 0x00007fa73c8e6800
R14=0x0000000000000000 is an unknown value
R15=0x000070000536d8f0 is pointing into the stack for thread: 0x00007fa73c8e6800


Registers:
RAX=0x0000000000000000, RBX=0x000070000536d940, RCX=0x000000010cbc6044, RDX=0x0000000000000000
RSP=0x000070000536d8f0, RBP=0x000070000536d920, RSI=0x0000000000000000, RDI=0x000070000536d940
R8 =0x0000000000000000, R9 =0x0000000000000002, R10=0x0000000119254d89, R11=0x0000000000000101
R12=0x000000010cbc6044, R13=0x000070000536d940, R14=0x0000000000000000, R15=0x000070000536d8f0
RIP=0x000000010398b1fe, EFLAGS=0x0000000000010206, ERR=0x0000000000000006
  TRAPNO=0x000000000000000e

Top of Stack: (sp=0x000070000536d8f0)
0x000070000536d8f0:   00007fa73c8e6800 0000000103987a01
0x000070000536d900:   00007fa73c8e6800 0000000000000000
0x000070000536d910:   000070000536d958 000000010cbc6044
0x000070000536d920:   000070000536d990 000000010398554e
0x000070000536d930:   000070000536d970 0000000003825831
0x000070000536d940:   00007fa73c8e6800 0000000000000000
0x000070000536d950:   000000010cbc6044 00007fa73c8e6800
0x000070000536d960:   00007fa73c8e6800 000000010c377460
0x000070000536d970:   0000000000000000 000000010c377458
0x000070000536d980:   000070000536da50 00007fa73c8e6800
0x000070000536d990:   000070000536da10 0000000119254db5
0x000070000536d9a0:   000070000536d9f0 000000000360ed82
0x000070000536d9b0:   00000000000000b9 000000010cf13848
0x000070000536d9c0:   00007fa73c8e6800 000070000536d9c8
0x000070000536d9d0:   0000000000000000 000070000536da50
0x000070000536d9e0:   000000010c3cd668 0000000000000000
0x000070000536d9f0:   0000000747110178 000000010c377460
0x000070000536da00:   0000000000000000 000070000536da30
0x000070000536da10:   000070000536daa0 0000000119247443
0x000070000536da20:   0000000000000000 0000000119251cf8
0x000070000536da30:   0000000000000000 000000010cbc6044
0x000070000536da40:   0000000000000000 0000000000000000
0x000070000536da50:   0000000747110240 000070000536da58
0x000070000536da60:   000000010cf007d7 000070000536dad0
0x000070000536da70:   000000010cf05e50 0000000000000000
0x000070000536da80:   000000074712afe8 000000010cf00820
0x000070000536da90:   000070000536da30 000070000536dab0
0x000070000536daa0:   000070000536db20 0000000119247443
0x000070000536dab0:   0000000000000000 000000010cbc6044
0x000070000536dac0:   0000000000000000 0000000000000000
0x000070000536dad0:   00000007470f3258 000070000536dad8
0x000070000536dae0:   000000010cf1c8e3 000070000536db40 

Instructions: (pc=0x000000010398b1fe)
0x000000010398b1de:   7d d0 4c 89 ff e8 a8 f6 ff ff 48 89 df e8 b0 f6
0x000000010398b1ee:   ff ff 49 89 c4 48 89 df 44 89 f6 e8 e2 fe ff ff
0x000000010398b1fe:   41 89 04 24 4c 89 ff e8 e6 f6 ff ff 48 83 c4 10
0x000000010398b20e:   5b 41 5c 41 5e 41 5f 5d c3 66 0f 1f 84 00 00 00 


---------------  P R O C E S S  ---------------

Java Threads: ( => current thread )
=>0x00007fa73c8e6800 JavaThread "reaktor/control" daemon [_thread_in_vm, id=40707, stack(0x000070000526f000,0x000070000536f000)]
  0x00007fa73d2c9800 JavaThread "Attach Listener" daemon [_thread_blocked, id=24835, stack(0x0000700005069000,0x0000700005169000)]
  0x00007fa73c19f000 JavaThread "Time-limited test" daemon [_thread_blocked, id=41219, stack(0x0000700004f66000,0x0000700005066000)]
  0x00007fa73c008800 JavaThread "Service Thread" daemon [_thread_blocked, id=41987, stack(0x0000700004c5d000,0x0000700004d5d000)]
  0x00007fa73b882000 JavaThread "Monitor Ctrl-Break" daemon [_thread_in_native, id=23299, stack(0x0000700004b5a000,0x0000700004c5a000)]
  0x00007fa73c8a0000 JavaThread "Common-Cleaner" daemon [_thread_blocked, id=23043, stack(0x0000700004a57000,0x0000700004b57000)]
  0x00007fa73c874000 JavaThread "Sweeper thread" daemon [_thread_blocked, id=22531, stack(0x0000700004954000,0x0000700004a54000)]
  0x00007fa73c049800 JavaThread "C1 CompilerThread2" daemon [_thread_blocked, id=22275, stack(0x0000700004851000,0x0000700004951000)]
  0x00007fa73d044800 JavaThread "C2 CompilerThread1" daemon [_thread_blocked, id=43011, stack(0x000070000474e000,0x000070000484e000)]
  0x00007fa73c038800 JavaThread "C2 CompilerThread0" daemon [_thread_blocked, id=21763, stack(0x000070000464b000,0x000070000474b000)]
  0x00007fa73d043000 JavaThread "Signal Dispatcher" daemon [_thread_blocked, id=17667, stack(0x0000700004548000,0x0000700004648000)]
  0x00007fa73b812800 JavaThread "Finalizer" daemon [_thread_blocked, id=19203, stack(0x0000700004445000,0x0000700004545000)]
  0x00007fa73c032000 JavaThread "Reference Handler" daemon [_thread_blocked, id=15619, stack(0x0000700004342000,0x0000700004442000)]
  0x00007fa73c800000 JavaThread "main" [_thread_blocked, id=9731, stack(0x000070000361b000,0x000070000371b000)]

Other Threads:
  0x00007fa73c02f800 VMThread "VM Thread" [stack: 0x000070000423f000,0x000070000433f000] [id=15107]
  0x00007fa73c098800 WatcherThread [stack: 0x0000700004d60000,0x0000700004e60000] [id=41475]
  0x00007fa73c001800 GCTaskThread "GC Thread#0" [stack: 0x000070000371e000,0x000070000381e000] [id=21507]
  0x00007fa73b804000 GCTaskThread "GC Thread#1" [stack: 0x0000700003821000,0x0000700003921000] [id=11267]
  0x00007fa73d006000 GCTaskThread "GC Thread#2" [stack: 0x0000700003924000,0x0000700003a24000] [id=11779]
  0x00007fa73c011800 GCTaskThread "GC Thread#3" [stack: 0x0000700003a27000,0x0000700003b27000] [id=12035]
  0x00007fa73c817000 ConcurrentGCThread "G1 Main Marker" [stack: 0x0000700004039000,0x0000700004139000] [id=13571]
  0x00007fa73d011800 ConcurrentGCThread "G1 Marker#0" [stack: 0x000070000413c000,0x000070000423c000] [id=14595]
  0x00007fa73b807800 ConcurrentGCThread "G1 Refine#0" [stack: 0x0000700003e33000,0x0000700003f33000] [id=20227]
  0x00007fa73c012000 ConcurrentGCThread "G1 Refine#1" [stack: 0x0000700003d30000,0x0000700003e30000] [id=20483]
  0x00007fa73d007000 ConcurrentGCThread "G1 Refine#2" [stack: 0x0000700003c2d000,0x0000700003d2d000] [id=12547]
  0x00007fa73c80b800 ConcurrentGCThread "G1 Refine#3" [stack: 0x0000700003b2a000,0x0000700003c2a000] [id=12291]
  0x00007fa73c80c000 ConcurrentGCThread "G1 Young RemSet Sampling" [stack: 0x0000700003f36000,0x0000700004036000] [id=19971]

Threads with active compile tasks:

VM state:not at safepoint (normal execution)

VM Mutex/Monitor currently owned by a thread: None

Heap address: 0x0000000740000000, size: 2048 MB, Compressed Oops mode: Zero based, Oop shift amount: 3
Narrow klass base: 0x0000000000000000, Narrow klass shift: 3
Compressed class space size: 1073741824 Address: 0x00000007c0000000

Heap:
 garbage-first heap   total 131072K, used 17437K [0x0000000740000000, 0x0000000740100400, 0x00000007c0000000)
  region size 1024K, 8 young (8192K), 2 survivors (2048K)
 Metaspace       used 11482K, capacity 12012K, committed 12032K, reserved 1060864K
  class space    used 1162K, capacity 1271K, committed 1280K, reserved 1048576K
Heap Regions: E=young(eden), S=young(survivor), O=old, HS=humongous(starts), HC=humongous(continues), CS=collection set, F=free, A=archive, TS=gc time stamp, AC=allocation context, TAMS=top-at-mark-start (previous, next)
|   0|0x0000000740000000, 0x0000000740100000, 0x0000000740100000|100%| O|  |TS  1|AC  0|TAMS 0x0000000740000000, 0x0000000740000000|
|   1|0x0000000740100000, 0x0000000740107600, 0x0000000740200000|  2%| O|  |TS  1|AC  0|TAMS 0x0000000740100000, 0x0000000740100000|
|   2|0x0000000740200000, 0x0000000740300000, 0x0000000740300000|100%|HS|  |TS  0|AC  0|TAMS 0x0000000740200000, 0x0000000740200000|
|   3|0x0000000740300000, 0x0000000740400000, 0x0000000740400000|100%|HC|  |TS  0|AC  0|TAMS 0x0000000740300000, 0x0000000740300000|
|   4|0x0000000740400000, 0x0000000740500000, 0x0000000740500000|100%|HS|  |TS  0|AC  0|TAMS 0x0000000740400000, 0x0000000740400000|
|   5|0x0000000740500000, 0x0000000740600000, 0x0000000740600000|100%|HC|  |TS  0|AC  0|TAMS 0x0000000740500000, 0x0000000740500000|
|   6|0x0000000740600000, 0x0000000740700000, 0x0000000740700000|100%|HC|  |TS  0|AC  0|TAMS 0x0000000740600000, 0x0000000740600000|
|   7|0x0000000740700000, 0x0000000740800000, 0x0000000740800000|100%|HC|  |TS  0|AC  0|TAMS 0x0000000740700000, 0x0000000740700000|
|   8|0x0000000740800000, 0x0000000740900000, 0x0000000740900000|100%|HC|  |TS  0|AC  0|TAMS 0x0000000740800000, 0x0000000740800000|
|   9|0x0000000740900000, 0x0000000740a00000, 0x0000000740a00000|100%|HS|  |TS  0|AC  0|TAMS 0x0000000740900000, 0x0000000740900000|
|  10|0x0000000740a00000, 0x0000000740b00000, 0x0000000740b00000|100%|HC|  |TS  0|AC  0|TAMS 0x0000000740a00000, 0x0000000740a00000|
|  11|0x0000000740b00000, 0x0000000740b00000, 0x0000000740c00000|  0%| F|  |TS  0|AC  0|TAMS 0x0000000740b00000, 0x0000000740b00000|
|  12|0x0000000740c00000, 0x0000000740c00000, 0x0000000740d00000|  0%| F|  |TS  0|AC  0|TAMS 0x0000000740c00000, 0x0000000740c00000|
|  13|0x0000000740d00000, 0x0000000740d00000, 0x0000000740e00000|  0%| F|  |TS  0|AC  0|TAMS 0x0000000740d00000, 0x0000000740d00000|
|  14|0x0000000740e00000, 0x0000000740e00000, 0x0000000740f00000|  0%| F|  |TS  0|AC  0|TAMS 0x0000000740e00000, 0x0000000740e00000|
|  15|0x0000000740f00000, 0x0000000740f00000, 0x0000000741000000|  0%| F|  |TS  0|AC  0|TAMS 0x0000000740f00000, 0x0000000740f00000|
|  16|0x0000000741000000, 0x0000000741000000, 0x0000000741100000|  0%| F|  |TS  0|AC  0|TAMS 0x0000000741000000, 0x0000000741000000|
|  17|0x0000000741100000, 0x0000000741100000, 0x0000000741200000|  0%| F|  |TS  0|AC  0|TAMS 0x0000000741100000, 0x0000000741100000|
|  18|0x0000000741200000, 0x0000000741200000, 0x0000000741300000|  0%| F|  |TS  0|AC  0|TAMS 0x0000000741200000, 0x0000000741200000|
|  19|0x0000000741300000, 0x0000000741300000, 0x0000000741400000|  0%| F|  |TS  0|AC  0|TAMS 0x0000000741300000, 0x0000000741300000|
|  20|0x0000000741400000, 0x0000000741400000, 0x0000000741500000|  0%| F|  |TS  0|AC  0|TAMS 0x0000000741400000, 0x0000000741400000|
|  21|0x0000000741500000, 0x0000000741500000, 0x0000000741600000|  0%| F|  |TS  0|AC  0|TAMS 0x0000000741500000, 0x0000000741500000|
|  22|0x0000000741600000, 0x0000000741600000, 0x0000000741700000|  0%| F|  |TS  0|AC  0|TAMS 0x0000000741600000, 0x0000000741600000|
|  23|0x0000000741700000, 0x0000000741700000, 0x0000000741800000|  0%| F|  |TS  0|AC  0|TAMS 0x0000000741700000, 0x0000000741700000|
|  24|0x0000000741800000, 0x0000000741800000, 0x0000000741900000|  0%| F|  |TS  0|AC  0|TAMS 0x0000000741800000, 0x0000000741800000|
|  25|0x0000000741900000, 0x0000000741900000, 0x0000000741a00000|  0%| F|  |TS  0|AC  0|TAMS 0x0000000741900000, 0x0000000741900000|
|  26|0x0000000741a00000, 0x0000000741a00000, 0x0000000741b00000|  0%| F|  |TS  0|AC  0|TAMS 0x0000000741a00000, 0x0000000741a00000|
|  27|0x0000000741b00000, 0x0000000741b00000, 0x0000000741c00000|  0%| F|  |TS  0|AC  0|TAMS 0x0000000741b00000, 0x0000000741b00000|
|  28|0x0000000741c00000, 0x0000000741c00000, 0x0000000741d00000|  0%| F|  |TS  0|AC  0|TAMS 0x0000000741c00000, 0x0000000741c00000|
|  29|0x0000000741d00000, 0x0000000741d00000, 0x0000000741e00000|  0%| F|  |TS  0|AC  0|TAMS 0x0000000741d00000, 0x0000000741d00000|
|  30|0x0000000741e00000, 0x0000000741e00000, 0x0000000741f00000|  0%| F|  |TS  0|AC  0|TAMS 0x0000000741e00000, 0x0000000741e00000|
|  31|0x0000000741f00000, 0x0000000741f00000, 0x0000000742000000|  0%| F|  |TS  0|AC  0|TAMS 0x0000000741f00000, 0x0000000741f00000|
|  32|0x0000000742000000, 0x0000000742000000, 0x0000000742100000|  0%| F|  |TS  0|AC  0|TAMS 0x0000000742000000, 0x0000000742000000|
|  33|0x0000000742100000, 0x0000000742100000, 0x0000000742200000|  0%| F|  |TS  0|AC  0|TAMS 0x0000000742100000, 0x0000000742100000|
|  34|0x0000000742200000, 0x0000000742200000, 0x0000000742300000|  0%| F|  |TS  0|AC  0|TAMS 0x0000000742200000, 0x0000000742200000|
|  35|0x0000000742300000, 0x0000000742300000, 0x0000000742400000|  0%| F|  |TS  0|AC  0|TAMS 0x0000000742300000, 0x0000000742300000|
|  36|0x0000000742400000, 0x0000000742400000, 0x0000000742500000|  0%| F|  |TS  0|AC  0|TAMS 0x0000000742400000, 0x0000000742400000|
|  37|0x0000000742500000, 0x0000000742500000, 0x0000000742600000|  0%| F|  |TS  0|AC  0|TAMS 0x0000000742500000, 0x0000000742500000|
|  38|0x0000000742600000, 0x0000000742600000, 0x0000000742700000|  0%| F|  |TS  0|AC  0|TAMS 0x0000000742600000, 0x0000000742600000|
|  39|0x0000000742700000, 0x0000000742700000, 0x0000000742800000|  0%| F|  |TS  0|AC  0|TAMS 0x0000000742700000, 0x0000000742700000|
|  40|0x0000000742800000, 0x0000000742800000, 0x0000000742900000|  0%| F|  |TS  0|AC  0|TAMS 0x0000000742800000, 0x0000000742800000|
|  41|0x0000000742900000, 0x0000000742900000, 0x0000000742a00000|  0%| F|  |TS  0|AC  0|TAMS 0x0000000742900000, 0x0000000742900000|
|  42|0x0000000742a00000, 0x0000000742a00000, 0x0000000742b00000|  0%| F|  |TS  0|AC  0|TAMS 0x0000000742a00000, 0x0000000742a00000|
|  43|0x0000000742b00000, 0x0000000742b00000, 0x0000000742c00000|  0%| F|  |TS  0|AC  0|TAMS 0x0000000742b00000, 0x0000000742b00000|
|  44|0x0000000742c00000, 0x0000000742c00000, 0x0000000742d00000|  0%| F|  |TS  0|AC  0|TAMS 0x0000000742c00000, 0x0000000742c00000|
|  45|0x0000000742d00000, 0x0000000742d00000, 0x0000000742e00000|  0%| F|  |TS  0|AC  0|TAMS 0x0000000742d00000, 0x0000000742d00000|
|  46|0x0000000742e00000, 0x0000000742e00000, 0x0000000742f00000|  0%| F|  |TS  0|AC  0|TAMS 0x0000000742e00000, 0x0000000742e00000|
|  47|0x0000000742f00000, 0x0000000742f00000, 0x0000000743000000|  0%| F|  |TS  0|AC  0|TAMS 0x0000000742f00000, 0x0000000742f00000|
|  48|0x0000000743000000, 0x0000000743000000, 0x0000000743100000|  0%| F|  |TS  0|AC  0|TAMS 0x0000000743000000, 0x0000000743000000|
|  49|0x0000000743100000, 0x0000000743100000, 0x0000000743200000|  0%| F|  |TS  0|AC  0|TAMS 0x0000000743100000, 0x0000000743100000|
|  50|0x0000000743200000, 0x0000000743200000, 0x0000000743300000|  0%| F|  |TS  0|AC  0|TAMS 0x0000000743200000, 0x0000000743200000|
|  51|0x0000000743300000, 0x0000000743300000, 0x0000000743400000|  0%| F|  |TS  0|AC  0|TAMS 0x0000000743300000, 0x0000000743300000|
|  52|0x0000000743400000, 0x0000000743400000, 0x0000000743500000|  0%| F|  |TS  0|AC  0|TAMS 0x0000000743400000, 0x0000000743400000|
|  53|0x0000000743500000, 0x0000000743500000, 0x0000000743600000|  0%| F|  |TS  0|AC  0|TAMS 0x0000000743500000, 0x0000000743500000|
|  54|0x0000000743600000, 0x0000000743600000, 0x0000000743700000|  0%| F|  |TS  0|AC  0|TAMS 0x0000000743600000, 0x0000000743600000|
|  55|0x0000000743700000, 0x0000000743700000, 0x0000000743800000|  0%| F|  |TS  0|AC  0|TAMS 0x0000000743700000, 0x0000000743700000|
|  56|0x0000000743800000, 0x0000000743800000, 0x0000000743900000|  0%| F|  |TS  0|AC  0|TAMS 0x0000000743800000, 0x0000000743800000|
|  57|0x0000000743900000, 0x0000000743900000, 0x0000000743a00000|  0%| F|  |TS  0|AC  0|TAMS 0x0000000743900000, 0x0000000743900000|
|  58|0x0000000743a00000, 0x0000000743a00000, 0x0000000743b00000|  0%| F|  |TS  0|AC  0|TAMS 0x0000000743a00000, 0x0000000743a00000|
|  59|0x0000000743b00000, 0x0000000743b00000, 0x0000000743c00000|  0%| F|  |TS  0|AC  0|TAMS 0x0000000743b00000, 0x0000000743b00000|
|  60|0x0000000743c00000, 0x0000000743c00000, 0x0000000743d00000|  0%| F|  |TS  0|AC  0|TAMS 0x0000000743c00000, 0x0000000743c00000|
|  61|0x0000000743d00000, 0x0000000743d00000, 0x0000000743e00000|  0%| F|  |TS  0|AC  0|TAMS 0x0000000743d00000, 0x0000000743d00000|
|  62|0x0000000743e00000, 0x0000000743e00000, 0x0000000743f00000|  0%| F|  |TS  0|AC  0|TAMS 0x0000000743e00000, 0x0000000743e00000|
|  63|0x0000000743f00000, 0x0000000743f00000, 0x0000000744000000|  0%| F|  |TS  0|AC  0|TAMS 0x0000000743f00000, 0x0000000743f00000|
|  64|0x0000000744000000, 0x0000000744000000, 0x0000000744100000|  0%| F|  |TS  0|AC  0|TAMS 0x0000000744000000, 0x0000000744000000|
|  65|0x0000000744100000, 0x0000000744100000, 0x0000000744200000|  0%| F|  |TS  0|AC  0|TAMS 0x0000000744100000, 0x0000000744100000|
|  66|0x0000000744200000, 0x0000000744200000, 0x0000000744300000|  0%| F|  |TS  0|AC  0|TAMS 0x0000000744200000, 0x0000000744200000|
|  67|0x0000000744300000, 0x0000000744300000, 0x0000000744400000|  0%| F|  |TS  0|AC  0|TAMS 0x0000000744300000, 0x0000000744300000|
|  68|0x0000000744400000, 0x0000000744400000, 0x0000000744500000|  0%| F|  |TS  0|AC  0|TAMS 0x0000000744400000, 0x0000000744400000|
|  69|0x0000000744500000, 0x0000000744500000, 0x0000000744600000|  0%| F|  |TS  0|AC  0|TAMS 0x0000000744500000, 0x0000000744500000|
|  70|0x0000000744600000, 0x0000000744600000, 0x0000000744700000|  0%| F|  |TS  0|AC  0|TAMS 0x0000000744600000, 0x0000000744600000|
|  71|0x0000000744700000, 0x0000000744700000, 0x0000000744800000|  0%| F|  |TS  0|AC  0|TAMS 0x0000000744700000, 0x0000000744700000|
|  72|0x0000000744800000, 0x0000000744800000, 0x0000000744900000|  0%| F|  |TS  0|AC  0|TAMS 0x0000000744800000, 0x0000000744800000|
|  73|0x0000000744900000, 0x0000000744900000, 0x0000000744a00000|  0%| F|  |TS  0|AC  0|TAMS 0x0000000744900000, 0x0000000744900000|
|  74|0x0000000744a00000, 0x0000000744a00000, 0x0000000744b00000|  0%| F|  |TS  0|AC  0|TAMS 0x0000000744a00000, 0x0000000744a00000|
|  75|0x0000000744b00000, 0x0000000744b00000, 0x0000000744c00000|  0%| F|  |TS  0|AC  0|TAMS 0x0000000744b00000, 0x0000000744b00000|
|  76|0x0000000744c00000, 0x0000000744c00000, 0x0000000744d00000|  0%| F|  |TS  0|AC  0|TAMS 0x0000000744c00000, 0x0000000744c00000|
|  77|0x0000000744d00000, 0x0000000744d00000, 0x0000000744e00000|  0%| F|  |TS  0|AC  0|TAMS 0x0000000744d00000, 0x0000000744d00000|
|  78|0x0000000744e00000, 0x0000000744e00000, 0x0000000744f00000|  0%| F|  |TS  0|AC  0|TAMS 0x0000000744e00000, 0x0000000744e00000|
|  79|0x0000000744f00000, 0x0000000744f00000, 0x0000000745000000|  0%| F|  |TS  0|AC  0|TAMS 0x0000000744f00000, 0x0000000744f00000|
|  80|0x0000000745000000, 0x0000000745000000, 0x0000000745100000|  0%| F|  |TS  0|AC  0|TAMS 0x0000000745000000, 0x0000000745000000|
|  81|0x0000000745100000, 0x0000000745100000, 0x0000000745200000|  0%| F|  |TS  0|AC  0|TAMS 0x0000000745100000, 0x0000000745100000|
|  82|0x0000000745200000, 0x0000000745200000, 0x0000000745300000|  0%| F|  |TS  0|AC  0|TAMS 0x0000000745200000, 0x0000000745200000|
|  83|0x0000000745300000, 0x0000000745300000, 0x0000000745400000|  0%| F|  |TS  0|AC  0|TAMS 0x0000000745300000, 0x0000000745300000|
|  84|0x0000000745400000, 0x0000000745400000, 0x0000000745500000|  0%| F|  |TS  0|AC  0|TAMS 0x0000000745400000, 0x0000000745400000|
|  85|0x0000000745500000, 0x0000000745500000, 0x0000000745600000|  0%| F|  |TS  0|AC  0|TAMS 0x0000000745500000, 0x0000000745500000|
|  86|0x0000000745600000, 0x0000000745600000, 0x0000000745700000|  0%| F|  |TS  0|AC  0|TAMS 0x0000000745600000, 0x0000000745600000|
|  87|0x0000000745700000, 0x0000000745700000, 0x0000000745800000|  0%| F|  |TS  0|AC  0|TAMS 0x0000000745700000, 0x0000000745700000|
|  88|0x0000000745800000, 0x0000000745800000, 0x0000000745900000|  0%| F|  |TS  0|AC  0|TAMS 0x0000000745800000, 0x0000000745800000|
|  89|0x0000000745900000, 0x0000000745900000, 0x0000000745a00000|  0%| F|  |TS  0|AC  0|TAMS 0x0000000745900000, 0x0000000745900000|
|  90|0x0000000745a00000, 0x0000000745a00000, 0x0000000745b00000|  0%| F|  |TS  0|AC  0|TAMS 0x0000000745a00000, 0x0000000745a00000|
|  91|0x0000000745b00000, 0x0000000745b00000, 0x0000000745c00000|  0%| F|  |TS  0|AC  0|TAMS 0x0000000745b00000, 0x0000000745b00000|
|  92|0x0000000745c00000, 0x0000000745c00000, 0x0000000745d00000|  0%| F|  |TS  0|AC  0|TAMS 0x0000000745c00000, 0x0000000745c00000|
|  93|0x0000000745d00000, 0x0000000745d00000, 0x0000000745e00000|  0%| F|  |TS  0|AC  0|TAMS 0x0000000745d00000, 0x0000000745d00000|
|  94|0x0000000745e00000, 0x0000000745e00000, 0x0000000745f00000|  0%| F|  |TS  0|AC  0|TAMS 0x0000000745e00000, 0x0000000745e00000|
|  95|0x0000000745f00000, 0x0000000745f00000, 0x0000000746000000|  0%| F|  |TS  0|AC  0|TAMS 0x0000000745f00000, 0x0000000745f00000|
|  96|0x0000000746000000, 0x0000000746000000, 0x0000000746100000|  0%| F|  |TS  0|AC  0|TAMS 0x0000000746000000, 0x0000000746000000|
|  97|0x0000000746100000, 0x0000000746100000, 0x0000000746200000|  0%| F|  |TS  0|AC  0|TAMS 0x0000000746100000, 0x0000000746100000|
|  98|0x0000000746200000, 0x0000000746200000, 0x0000000746300000|  0%| F|  |TS  0|AC  0|TAMS 0x0000000746200000, 0x0000000746200000|
|  99|0x0000000746300000, 0x0000000746300000, 0x0000000746400000|  0%| F|  |TS  0|AC  0|TAMS 0x0000000746300000, 0x0000000746300000|
| 100|0x0000000746400000, 0x0000000746400000, 0x0000000746500000|  0%| F|  |TS  0|AC  0|TAMS 0x0000000746400000, 0x0000000746400000|
| 101|0x0000000746500000, 0x0000000746500000, 0x0000000746600000|  0%| F|  |TS  0|AC  0|TAMS 0x0000000746500000, 0x0000000746500000|
| 102|0x0000000746600000, 0x0000000746600000, 0x0000000746700000|  0%| F|  |TS  0|AC  0|TAMS 0x0000000746600000, 0x0000000746600000|
| 103|0x0000000746700000, 0x0000000746700000, 0x0000000746800000|  0%| F|  |TS  0|AC  0|TAMS 0x0000000746700000, 0x0000000746700000|
| 104|0x0000000746800000, 0x0000000746800000, 0x0000000746900000|  0%| F|  |TS  0|AC  0|TAMS 0x0000000746800000, 0x0000000746800000|
| 105|0x0000000746900000, 0x0000000746900000, 0x0000000746a00000|  0%| F|  |TS  0|AC  0|TAMS 0x0000000746900000, 0x0000000746900000|
| 106|0x0000000746a00000, 0x0000000746a00000, 0x0000000746b00000|  0%| F|  |TS  0|AC  0|TAMS 0x0000000746a00000, 0x0000000746a00000|
| 107|0x0000000746b00000, 0x0000000746b00000, 0x0000000746c00000|  0%| F|  |TS  0|AC  0|TAMS 0x0000000746b00000, 0x0000000746b00000|
| 108|0x0000000746c00000, 0x0000000746c00000, 0x0000000746d00000|  0%| F|  |TS  0|AC  0|TAMS 0x0000000746c00000, 0x0000000746c00000|
| 109|0x0000000746d00000, 0x0000000746d00000, 0x0000000746e00000|  0%| F|  |TS  0|AC  0|TAMS 0x0000000746d00000, 0x0000000746d00000|
| 110|0x0000000746e00000, 0x0000000746e00000, 0x0000000746f00000|  0%| F|  |TS  0|AC  0|TAMS 0x0000000746e00000, 0x0000000746e00000|
| 111|0x0000000746f00000, 0x0000000746f00000, 0x0000000747000000|  0%| F|  |TS  0|AC  0|TAMS 0x0000000746f00000, 0x0000000746f00000|
| 112|0x0000000747000000, 0x0000000747100000, 0x0000000747100000|100%| S|CS|TS  1|AC  0|TAMS 0x0000000747000000, 0x0000000747000000|
| 113|0x0000000747100000, 0x0000000747200000, 0x0000000747200000|100%| S|CS|TS  1|AC  0|TAMS 0x0000000747100000, 0x0000000747100000|
| 114|0x0000000747200000, 0x0000000747200000, 0x0000000747300000|  0%| F|  |TS  1|AC  0|TAMS 0x0000000747200000, 0x0000000747200000|
| 115|0x0000000747300000, 0x0000000747300000, 0x0000000747400000|  0%| F|  |TS  1|AC  0|TAMS 0x0000000747300000, 0x0000000747300000|
| 116|0x0000000747400000, 0x0000000747400000, 0x0000000747500000|  0%| F|  |TS  1|AC  0|TAMS 0x0000000747400000, 0x0000000747400000|
| 117|0x0000000747500000, 0x0000000747500000, 0x0000000747600000|  0%| F|  |TS  1|AC  0|TAMS 0x0000000747500000, 0x0000000747500000|
| 118|0x0000000747600000, 0x0000000747600000, 0x0000000747700000|  0%| F|  |TS  1|AC  0|TAMS 0x0000000747600000, 0x0000000747600000|
| 119|0x0000000747700000, 0x0000000747700000, 0x0000000747800000|  0%| F|  |TS  1|AC  0|TAMS 0x0000000747700000, 0x0000000747700000|
| 120|0x0000000747800000, 0x0000000747800000, 0x0000000747900000|  0%| F|  |TS  1|AC  0|TAMS 0x0000000747800000, 0x0000000747800000|
| 121|0x0000000747900000, 0x0000000747900000, 0x0000000747a00000|  0%| F|  |TS  1|AC  0|TAMS 0x0000000747900000, 0x0000000747900000|
| 122|0x0000000747a00000, 0x0000000747b00000, 0x0000000747b00000|100%| E|  |TS  1|AC  0|TAMS 0x0000000747a00000, 0x0000000747a00000|
| 123|0x0000000747b00000, 0x0000000747c00000, 0x0000000747c00000|100%| E|CS|TS  1|AC  0|TAMS 0x0000000747b00000, 0x0000000747b00000|
| 124|0x0000000747c00000, 0x0000000747d00000, 0x0000000747d00000|100%| E|CS|TS  1|AC  0|TAMS 0x0000000747c00000, 0x0000000747c00000|
| 125|0x0000000747d00000, 0x0000000747e00000, 0x0000000747e00000|100%| E|CS|TS  1|AC  0|TAMS 0x0000000747d00000, 0x0000000747d00000|
| 126|0x0000000747e00000, 0x0000000747f00000, 0x0000000747f00000|100%| E|CS|TS  1|AC  0|TAMS 0x0000000747e00000, 0x0000000747e00000|
| 127|0x0000000747f00000, 0x0000000748000000, 0x0000000748000000|100%| E|CS|TS  1|AC  0|TAMS 0x0000000747f00000, 0x0000000747f00000|

Card table byte_map: [0x000000010560a000,0x0000000105a0a000] byte_map_base: 0x0000000101c0a000

Marking Bits (Prev, Next): (CMBitMap*) 0x00007fa73c816870, (CMBitMap*) 0x00007fa73c8168a8
 Prev Bits: [0x0000000105e0a000, 0x0000000107e0a000)
 Next Bits: [0x0000000107e0a000, 0x0000000109e0a000)

Polling page: 0x0000000103f6d000

CodeHeap 'non-profiled nmethods': size=120032Kb used=262Kb max_used=262Kb free=119769Kb
 bounds [0x0000000120d04000, 0x0000000120f74000, 0x000000012823c000]
CodeHeap 'profiled nmethods': size=120032Kb used=1754Kb max_used=1754Kb free=118277Kb
 bounds [0x00000001197cc000, 0x0000000119a3c000, 0x0000000120d04000]
CodeHeap 'non-nmethods': size=5696Kb used=1207Kb max_used=1223Kb free=4488Kb
 bounds [0x000000011923c000, 0x00000001194ac000, 0x00000001197cc000]
 total_blobs=1497 nmethods=936 adapters=293
 compilation: enabled

Compilation events (10 events):
Event: 1.379 Thread 0x00007fa73c049800 nmethod 924 0x000000011997d210 code [0x000000011997d3c0, 0x000000011997d570]
Event: 1.381 Thread 0x00007fa73c049800  928       3       java.lang.invoke.TypeConvertingMethodAdapter::cast (42 bytes)
Event: 1.381 Thread 0x00007fa73c049800 nmethod 928 0x000000011997d610 code [0x000000011997d820, 0x000000011997ddc8]
Event: 1.381 Thread 0x00007fa73c049800  927       3       java.lang.invoke.MethodHandles$Lookup::checkSecurityManager (104 bytes)
Event: 1.383 Thread 0x00007fa73c049800 nmethod 927 0x000000011997df90 code [0x000000011997e280, 0x000000011997f4e8]
Event: 1.384 Thread 0x00007fa73c049800  931       3       java.lang.invoke.LambdaForm::prepare (112 bytes)
Event: 1.385 Thread 0x00007fa73c049800 nmethod 931 0x000000011997f990 code [0x000000011997fbc0, 0x00000001199803d8]
Event: 1.385 Thread 0x00007fa73c049800  934       3       java.lang.invoke.MethodHandle::<init> (37 bytes)
Event: 1.386 Thread 0x00007fa73c049800 nmethod 934 0x0000000119980610 code [0x0000000119980820, 0x0000000119980dd8]
Event: 1.391 Thread 0x00007fa73c038800  935       4       jdk.internal.org.objectweb.asm.ClassWriter::get (49 bytes)

GC Heap History (2 events):
Event: 1.094 GC heap before
{Heap before GC invocations=0 (full 0):
 garbage-first heap   total 131072K, used 14336K [0x0000000740000000, 0x0000000740100400, 0x00000007c0000000)
  region size 1024K, 14 young (14336K), 0 survivors (0K)
 Metaspace       used 10147K, capacity 10502K, committed 10624K, reserved 1058816K
  class space    used 1013K, capacity 1114K, committed 1152K, reserved 1048576K
}
Event: 1.111 GC heap after
{Heap after GC invocations=1 (full 0):
 garbage-first heap   total 131072K, used 3101K [0x0000000740000000, 0x0000000740100400, 0x00000007c0000000)
  region size 1024K, 2 young (2048K), 2 survivors (2048K)
 Metaspace       used 10147K, capacity 10502K, committed 10624K, reserved 1058816K
  class space    used 1013K, capacity 1114K, committed 1152K, reserved 1048576K
}

Deoptimization events (3 events):
Event: 0.337 Thread 0x00007fa73b882000 Uncommon trap: reason=unstable_if action=reinterpret pc=0x0000000120d06d9c method=java.lang.String.charAt(I)C @ 4 c2
Event: 0.819 Thread 0x00007fa73c800000 Uncommon trap: reason=unstable_if action=reinterpret pc=0x0000000120d26890 method=java.lang.String.startsWith(Ljava/lang/String;I)Z @ 14 c2
Event: 1.318 Thread 0x00007fa73d2c9800 Uncommon trap: reason=unstable_if action=reinterpret pc=0x0000000120d14b28 method=java.lang.String.equals(Ljava/lang/Object;)Z @ 27 c2

Classes redefined (0 events):
No events

Internal exceptions (10 events):
Event: 1.213 Thread 0x00007fa73c19f000 Exception <a 'java/lang/NoSuchMethodError'{0x0000000747dddc68}: method resolution failed> (0x0000000747dddc68) thrown at [/scratch/mesos/slaves/450fa0f5-8733-43f8-b866-79fe3e86d200-S756/frameworks/1735e8a2-a1db-478c-8104-60c8b0af87dd-0196/executors/132405
Event: 1.222 Thread 0x00007fa73c19f000 Exception <a 'java/lang/NoSuchMethodError'{0x0000000747c17738}: java.lang.invoke.DirectMethodHandle$Holder.invokeVirtual(Ljava/lang/Object;Ljava/lang/Object;J)Ljava/lang/Object;> (0x0000000747c17738) thrown at [/scratch/mesos/slaves/450fa0f5-8733-43f8-b86
Event: 1.243 Thread 0x00007fa73d2ca800 Exception <a 'java/lang/NoSuchMethodError'{0x0000000747b0bdd0}: java.lang.invoke.DirectMethodHandle$Holder.invokeSpecial(Ljava/lang/Object;Ljava/lang/Object;)V> (0x0000000747b0bdd0) thrown at [/scratch/mesos/slaves/450fa0f5-8733-43f8-b866-79fe3e86d200-S75
Event: 1.244 Thread 0x00007fa73d2ca800 Exception <a 'java/lang/NoSuchMethodError'{0x0000000747b0e7a0}: java.lang.invoke.Invokers$Holder.invokeExact_MT(Ljava/lang/Object;Ljava/lang/Object;)V> (0x0000000747b0e7a0) thrown at [/scratch/mesos/slaves/450fa0f5-8733-43f8-b866-79fe3e86d200-S756/framewo
Event: 1.367 Thread 0x00007fa73c8e6800 Exception <a 'java/lang/NoSuchMethodError'{0x0000000747b701f0}: java.lang.invoke.DirectMethodHandle$Holder.invokeSpecial(Ljava/lang/Object;Ljava/lang/Object;Ljava/lang/Object;Ljava/lang/Object;Ljava/lang/Object;Ljava/lang/Object;)V> (0x0000000747b701f0) t
Event: 1.373 Thread 0x00007fa73c8e6800 Exception <a 'sun/nio/fs/UnixException'{0x0000000747b8a600}> (0x0000000747b8a600) thrown at [/scratch/mesos/slaves/450fa0f5-8733-43f8-b866-79fe3e86d200-S756/frameworks/1735e8a2-a1db-478c-8104-60c8b0af87dd-0196/executors/132405fd-871a-46c3-bcb1-9693a16072f
Event: 1.376 Thread 0x00007fa73d2ca800 Exception <a 'java/lang/NoSuchMethodError'{0x0000000747b12560}: method resolution failed> (0x0000000747b12560) thrown at [/scratch/mesos/slaves/450fa0f5-8733-43f8-b866-79fe3e86d200-S756/frameworks/1735e8a2-a1db-478c-8104-60c8b0af87dd-0196/executors/132405
Event: 1.382 Thread 0x00007fa73c8e6800 Exception <a 'java/lang/NoSuchMethodError'{0x0000000747ba6f70}: method resolution failed> (0x0000000747ba6f70) thrown at [/scratch/mesos/slaves/450fa0f5-8733-43f8-b866-79fe3e86d200-S756/frameworks/1735e8a2-a1db-478c-8104-60c8b0af87dd-0196/executors/132405
Event: 1.383 Thread 0x00007fa73c8e6800 Exception <a 'java/lang/NoSuchMethodError'{0x0000000747badae8}: java.lang.invoke.DirectMethodHandle$Holder.invokeStatic(Ljava/lang/Object;JLjava/lang/Object;)Ljava/lang/Object;> (0x0000000747badae8) thrown at [/scratch/mesos/slaves/450fa0f5-8733-43f8-b866
Event: 1.384 Thread 0x00007fa73c8e6800 Exception <a 'java/lang/NoSuchMethodError'{0x0000000747bb14a8}: method resolution failed> (0x0000000747bb14a8) thrown at [/scratch/mesos/slaves/450fa0f5-8733-43f8-b866-79fe3e86d200-S756/frameworks/1735e8a2-a1db-478c-8104-60c8b0af87dd-0196/executors/132405

Events (10 events):
Event: 1.390 loading class org/agrona/concurrent/status/AtomicCounter
Event: 1.390 loading class org/agrona/concurrent/status/AtomicCounter done
Event: 1.390 loading class org/reaktivity/reaktor/internal/Counters
Event: 1.390 loading class org/reaktivity/reaktor/internal/Counters done
Event: 1.390 loading class java/util/function/LongSupplier
Event: 1.390 loading class java/util/function/LongSupplier done
Event: 1.391 loading class java/util/function/LongConsumer
Event: 1.391 loading class java/util/function/LongConsumer done
Event: 1.391 loading class org/reaktivity/reaktor/internal/agent/ElektronAgent$ElektronRef
Event: 1.391 loading class org/reaktivity/reaktor/internal/agent/ElektronAgent$ElektronRef done


Dynamic libraries:
0x00007fff326db000 	/System/Library/Frameworks/Cocoa.framework/Versions/A/Cocoa
0x00007fff3e47e000 	/System/Library/Frameworks/Security.framework/Versions/A/Security
0x00007fff3136e000 	/System/Library/Frameworks/ApplicationServices.framework/Versions/A/ApplicationServices
0x00007fff5e56d000 	/usr/lib/libz.1.dylib
0x00007fff5bec7000 	/usr/lib/libSystem.B.dylib
0x00007fff32f50000 	/System/Library/Frameworks/CoreFoundation.framework/Versions/A/CoreFoundation
0x00007fff351d2000 	/System/Library/Frameworks/Foundation.framework/Versions/C/Foundation
0x00007fff5d6fe000 	/usr/lib/libobjc.A.dylib
0x00007fff30567000 	/System/Library/Frameworks/AppKit.framework/Versions/C/AppKit
0x00007fff32ad9000 	/System/Library/Frameworks/CoreData.framework/Versions/A/CoreData
0x00007fff5598d000 	/System/Library/PrivateFrameworks/RemoteViewServices.framework/Versions/A/RemoteViewServices
0x00007fff59c04000 	/System/Library/PrivateFrameworks/UIFoundation.framework/Versions/A/UIFoundation
0x00007fff5b2e8000 	/System/Library/PrivateFrameworks/XCTTargetBootstrap.framework/Versions/A/XCTTargetBootstrap
0x00007fff32e5f000 	/System/Library/Frameworks/CoreDisplay.framework/Versions/A/CoreDisplay
0x00007fff506c3000 	/System/Library/PrivateFrameworks/IconServices.framework/Versions/A/IconServices
0x00007fff37af3000 	/System/Library/Frameworks/Metal.framework/Versions/A/Metal
0x00007fff47c08000 	/System/Library/PrivateFrameworks/DesktopServicesPriv.framework/Versions/A/DesktopServicesPriv
0x00007fff5ca61000 	/usr/lib/libenergytrace.dylib
0x00007fff580eb000 	/System/Library/PrivateFrameworks/SkyLight.framework/Versions/A/SkyLight
0x00007fff33396000 	/System/Library/Frameworks/CoreGraphics.framework/Versions/A/CoreGraphics
0x00007fff2f333000 	/System/Library/Frameworks/Accelerate.framework/Versions/A/Accelerate
0x00007fff3591b000 	/System/Library/Frameworks/IOSurface.framework/Versions/A/IOSurface
0x00007fff47a74000 	/System/Library/PrivateFrameworks/DFRFoundation.framework/Versions/A/DFRFoundation
0x00007fff31851000 	/System/Library/Frameworks/AudioToolbox.framework/Versions/A/AudioToolbox
0x00007fff31aca000 	/System/Library/Frameworks/AudioUnit.framework/Versions/A/AudioUnit
0x00007fff47b09000 	/System/Library/PrivateFrameworks/DataDetectorsCore.framework/Versions/A/DataDetectorsCore
0x00007fff321de000 	/System/Library/Frameworks/Carbon.framework/Versions/A/Frameworks/HIToolbox.framework/Versions/A/HIToolbox
0x00007fff5cbba000 	/usr/lib/libicucore.A.dylib
0x00007fff3d9f2000 	/System/Library/Frameworks/QuartzCore.framework/Versions/A/QuartzCore
0x00007fff325b3000 	/System/Library/Frameworks/Carbon.framework/Versions/A/Frameworks/SpeechRecognition.framework/Versions/A/SpeechRecognition
0x00007fff5c01b000 	/usr/lib/libauto.dylib
0x00007fff5e461000 	/usr/lib/libxml2.2.dylib
0x00007fff4764f000 	/System/Library/PrivateFrameworks/CoreUI.framework/Versions/A/CoreUI
0x00007fff329c4000 	/System/Library/Frameworks/CoreAudio.framework/Versions/A/CoreAudio
0x00007fff35007000 	/System/Library/Frameworks/DiskArbitration.framework/Versions/A/DiskArbitration
0x00007fff5ce68000 	/usr/lib/liblangid.dylib
0x00007fff51ace000 	/System/Library/PrivateFrameworks/MultitouchSupport.framework/Versions/A/MultitouchSupport
0x00007fff3588a000 	/System/Library/Frameworks/IOKit.framework/Versions/A/IOKit
0x00007fff5ba87000 	/usr/lib/libDiagnosticMessagesClient.dylib
0x00007fff341a5000 	/System/Library/Frameworks/CoreServices.framework/Versions/A/CoreServices
0x00007fff53788000 	/System/Library/PrivateFrameworks/PerformanceAnalysis.framework/Versions/A/PerformanceAnalysis
0x00007fff3cbe0000 	/System/Library/Frameworks/OpenGL.framework/Versions/A/OpenGL
0x00007fff326e9000 	/System/Library/Frameworks/ColorSync.framework/Versions/A/ColorSync
0x00007fff33a27000 	/System/Library/Frameworks/CoreImage.framework/Versions/A/CoreImage
0x00007fff34b7d000 	/System/Library/Frameworks/CoreText.framework/Versions/A/CoreText
0x00007fff3597e000 	/System/Library/Frameworks/ImageIO.framework/Versions/A/ImageIO
0x00007fff43ca1000 	/System/Library/PrivateFrameworks/Backup.framework/Versions/A/Backup
0x00007fff5bf6e000 	/usr/lib/libarchive.2.dylib
0x00007fff31e23000 	/System/Library/Frameworks/CFNetwork.framework/Versions/A/CFNetwork
0x00007fff3ebda000 	/System/Library/Frameworks/SystemConfiguration.framework/Versions/A/SystemConfiguration
0x00007fff5b9b8000 	/usr/lib/libCRFSuite.dylib
0x00007fff5c10a000 	/usr/lib/libc++.1.dylib
0x00007fff5c15e000 	/usr/lib/libc++abi.dylib
0x00007fff5ed63000 	/usr/lib/system/libcache.dylib
0x00007fff5ed68000 	/usr/lib/system/libcommonCrypto.dylib
0x00007fff5ed73000 	/usr/lib/system/libcompiler_rt.dylib
0x00007fff5ed7b000 	/usr/lib/system/libcopyfile.dylib
0x00007fff5ed85000 	/usr/lib/system/libcorecrypto.dylib
0x00007fff5ee90000 	/usr/lib/system/libdispatch.dylib
0x00007fff5eeca000 	/usr/lib/system/libdyld.dylib
0x00007fff5eef7000 	/usr/lib/system/libkeymgr.dylib
0x00007fff5ef05000 	/usr/lib/system/liblaunch.dylib
0x00007fff5ef06000 	/usr/lib/system/libmacho.dylib
0x00007fff5ef0c000 	/usr/lib/system/libquarantine.dylib
0x00007fff5ef0f000 	/usr/lib/system/libremovefile.dylib
0x00007fff5ef11000 	/usr/lib/system/libsystem_asl.dylib
0x00007fff5ef29000 	/usr/lib/system/libsystem_blocks.dylib
0x00007fff5ef2a000 	/usr/lib/system/libsystem_c.dylib
0x00007fff5efb2000 	/usr/lib/system/libsystem_configuration.dylib
0x00007fff5efb6000 	/usr/lib/system/libsystem_coreservices.dylib
0x00007fff5efba000 	/usr/lib/system/libsystem_darwin.dylib
0x00007fff5efc1000 	/usr/lib/system/libsystem_dnssd.dylib
0x00007fff5efc8000 	/usr/lib/system/libsystem_info.dylib
0x00007fff5f03d000 	/usr/lib/system/libsystem_m.dylib
0x00007fff5f089000 	/usr/lib/system/libsystem_malloc.dylib
0x00007fff5f0b4000 	/usr/lib/system/libsystem_networkextension.dylib
0x00007fff5f0bf000 	/usr/lib/system/libsystem_notify.dylib
0x00007fff5f0dc000 	/usr/lib/system/libsystem_sandbox.dylib
0x00007fff5f0e0000 	/usr/lib/system/libsystem_secinit.dylib
0x00007fff5f014000 	/usr/lib/system/libsystem_kernel.dylib
0x00007fff5f0c7000 	/usr/lib/system/libsystem_platform.dylib
0x00007fff5f0d1000 	/usr/lib/system/libsystem_pthread.dylib
0x00007fff5f0e3000 	/usr/lib/system/libsystem_symptoms.dylib
0x00007fff5f0eb000 	/usr/lib/system/libsystem_trace.dylib
0x00007fff5f102000 	/usr/lib/system/libunwind.dylib
0x00007fff5f108000 	/usr/lib/system/libxpc.dylib
0x00007fff5c0eb000 	/usr/lib/libbsm.0.dylib
0x00007fff5eef8000 	/usr/lib/system/libkxld.dylib
0x00007fff43092000 	/System/Library/PrivateFrameworks/AppleFSCompression.framework/Versions/A/AppleFSCompression
0x00007fff5bd87000 	/usr/lib/libOpenScriptingUtil.dylib
0x00007fff5c413000 	/usr/lib/libcoretls.dylib
0x00007fff5c42a000 	/usr/lib/libcoretls_cfhelpers.dylib
0x00007fff5de95000 	/usr/lib/libpam.2.dylib
0x00007fff5e055000 	/usr/lib/libsqlite3.dylib
0x00007fff5e44f000 	/usr/lib/libxar.1.dylib
0x00007fff5c0fc000 	/usr/lib/libbz2.1.0.dylib
0x00007fff5ce6a000 	/usr/lib/liblzma.5.dylib
0x00007fff5d31b000 	/usr/lib/libnetwork.dylib
0x00007fff5bf57000 	/usr/lib/libapple_nghttp2.dylib
0x00007fff5de9c000 	/usr/lib/libpcap.A.dylib
0x00007fff34544000 	/System/Library/Frameworks/CoreServices.framework/Versions/A/Frameworks/FSEvents.framework/Versions/A/FSEvents
0x00007fff34223000 	/System/Library/Frameworks/CoreServices.framework/Versions/A/Frameworks/CarbonCore.framework/Versions/A/CarbonCore
0x00007fff346ff000 	/System/Library/Frameworks/CoreServices.framework/Versions/A/Frameworks/Metadata.framework/Versions/A/Metadata
0x00007fff3479e000 	/System/Library/Frameworks/CoreServices.framework/Versions/A/Frameworks/OSServices.framework/Versions/A/OSServices
0x00007fff347e9000 	/System/Library/Frameworks/CoreServices.framework/Versions/A/Frameworks/SearchKit.framework/Versions/A/SearchKit
0x00007fff341a6000 	/System/Library/Frameworks/CoreServices.framework/Versions/A/Frameworks/AE.framework/Versions/A/AE
0x00007fff3454d000 	/System/Library/Frameworks/CoreServices.framework/Versions/A/Frameworks/LaunchServices.framework/Versions/A/LaunchServices
0x00007fff344fb000 	/System/Library/Frameworks/CoreServices.framework/Versions/A/Frameworks/DictionaryServices.framework/Versions/A/DictionaryServices
0x00007fff34851000 	/System/Library/Frameworks/CoreServices.framework/Versions/A/Frameworks/SharedFileList.framework/Versions/A/SharedFileList
0x00007fff38bbb000 	/System/Library/Frameworks/NetFS.framework/Versions/A/NetFS
0x00007fff51d34000 	/System/Library/PrivateFrameworks/NetAuth.framework/Versions/A/NetAuth
0x00007fff5b6ec000 	/System/Library/PrivateFrameworks/login.framework/Versions/A/Frameworks/loginsupport.framework/Versions/A/loginsupport
0x00007fff5980d000 	/System/Library/PrivateFrameworks/TCC.framework/Versions/A/TCC
0x00007fff46cac000 	/System/Library/PrivateFrameworks/CoreNLP.framework/Versions/A/CoreNLP
0x00007fff517c9000 	/System/Library/PrivateFrameworks/MetadataUtilities.framework/Versions/A/MetadataUtilities
0x00007fff5cf3f000 	/usr/lib/libmecabra.dylib
0x00007fff3136f000 	/System/Library/Frameworks/ApplicationServices.framework/Versions/A/Frameworks/ATS.framework/Versions/A/ATS
0x00007fff316be000 	/System/Library/Frameworks/ApplicationServices.framework/Versions/A/Frameworks/ColorSyncLegacy.framework/Versions/A/ColorSyncLegacy
0x00007fff3175d000 	/System/Library/Frameworks/ApplicationServices.framework/Versions/A/Frameworks/HIServices.framework/Versions/A/HIServices
0x00007fff317b0000 	/System/Library/Frameworks/ApplicationServices.framework/Versions/A/Frameworks/LangAnalysis.framework/Versions/A/LangAnalysis
0x00007fff317c0000 	/System/Library/Frameworks/ApplicationServices.framework/Versions/A/Frameworks/PrintCore.framework/Versions/A/PrintCore
0x00007fff3180a000 	/System/Library/Frameworks/ApplicationServices.framework/Versions/A/Frameworks/QD.framework/Versions/A/QD
0x00007fff31844000 	/System/Library/Frameworks/ApplicationServices.framework/Versions/A/Frameworks/SpeechSynthesis.framework/Versions/A/SpeechSynthesis
0x00007fff5c186000 	/usr/lib/libcompression.dylib
0x00007fff37dc3000 	/System/Library/Frameworks/MetalPerformanceShaders.framework/Versions/A/MetalPerformanceShaders
0x00007fff2f34b000 	/System/Library/Frameworks/Accelerate.framework/Versions/A/Frameworks/vImage.framework/Versions/A/vImage
0x00007fff303c5000 	/System/Library/Frameworks/Accelerate.framework/Versions/A/Frameworks/vecLib.framework/Versions/A/vecLib
0x00007fff30311000 	/System/Library/Frameworks/Accelerate.framework/Versions/A/Frameworks/vecLib.framework/Versions/A/libvMisc.dylib
0x00007fff30129000 	/System/Library/Frameworks/Accelerate.framework/Versions/A/Frameworks/vecLib.framework/Versions/A/libvDSP.dylib
0x00007fff2f9e5000 	/System/Library/Frameworks/Accelerate.framework/Versions/A/Frameworks/vecLib.framework/Versions/A/libBLAS.dylib
0x00007fff2fcd2000 	/System/Library/Frameworks/Accelerate.framework/Versions/A/Frameworks/vecLib.framework/Versions/A/libLAPACK.dylib
0x00007fff3007c000 	/System/Library/Frameworks/Accelerate.framework/Versions/A/Frameworks/vecLib.framework/Versions/A/libLinearAlgebra.dylib
0x00007fff30115000 	/System/Library/Frameworks/Accelerate.framework/Versions/A/Frameworks/vecLib.framework/Versions/A/libSparseBLAS.dylib
0x00007fff30092000 	/System/Library/Frameworks/Accelerate.framework/Versions/A/Frameworks/vecLib.framework/Versions/A/libQuadrature.dylib
0x00007fff2fc5f000 	/System/Library/Frameworks/Accelerate.framework/Versions/A/Frameworks/vecLib.framework/Versions/A/libBNNS.dylib
0x00007fff30098000 	/System/Library/Frameworks/Accelerate.framework/Versions/A/Frameworks/vecLib.framework/Versions/A/libSparse.dylib
0x00007fff4dffa000 	/System/Library/PrivateFrameworks/GPUWrangler.framework/Versions/A/GPUWrangler
0x00007fff502f8000 	/System/Library/PrivateFrameworks/IOAccelerator.framework/Versions/A/IOAccelerator
0x00007fff50303000 	/System/Library/PrivateFrameworks/IOPresentment.framework/Versions/A/IOPresentment
0x00007fff47a84000 	/System/Library/PrivateFrameworks/DSExternalDisplay.framework/Versions/A/DSExternalDisplay
0x00007fff3c037000 	/System/Library/Frameworks/OpenGL.framework/Versions/A/Libraries/libCoreFSCache.dylib
0x00007fff37bb7000 	/System/Library/Frameworks/MetalPerformanceShaders.framework/Frameworks/MPSCore.framework/Versions/A/MPSCore
0x00007fff37bd7000 	/System/Library/Frameworks/MetalPerformanceShaders.framework/Frameworks/MPSImage.framework/Versions/A/MPSImage
0x00007fff37c7c000 	/System/Library/Frameworks/MetalPerformanceShaders.framework/Frameworks/MPSNeuralNetwork.framework/Versions/A/MPSNeuralNetwork
0x00007fff37c54000 	/System/Library/Frameworks/MetalPerformanceShaders.framework/Frameworks/MPSMatrix.framework/Versions/A/MPSMatrix
0x00007fff37da8000 	/System/Library/Frameworks/MetalPerformanceShaders.framework/Frameworks/MPSRayIntersector.framework/Versions/A/MPSRayIntersector
0x00007fff517f2000 	/System/Library/PrivateFrameworks/MetalTools.framework/Versions/A/MetalTools
0x00007fff4293c000 	/System/Library/PrivateFrameworks/AggregateDictionary.framework/Versions/A/AggregateDictionary
0x00007fff5bd67000 	/usr/lib/libMobileGestalt.dylib
0x00007fff34ce0000 	/System/Library/Frameworks/CoreVideo.framework/Versions/A/CoreVideo
0x00007fff4ee0b000 	/System/Library/PrivateFrameworks/GraphVisualizer.framework/Versions/A/GraphVisualizer
0x00007fff48c8a000 	/System/Library/PrivateFrameworks/FaceCore.framework/Versions/A/FaceCore
0x00007fff3b665000 	/System/Library/Frameworks/OpenCL.framework/Versions/A/OpenCL
0x00007fff5babf000 	/usr/lib/libFosl_dynamic.dylib
0x00007fff5259f000 	/System/Library/PrivateFrameworks/OTSVG.framework/Versions/A/OTSVG
0x00007fff31473000 	/System/Library/Frameworks/ApplicationServices.framework/Versions/A/Frameworks/ATS.framework/Versions/A/Resources/libFontParser.dylib
0x00007fff3158b000 	/System/Library/Frameworks/ApplicationServices.framework/Versions/A/Frameworks/ATS.framework/Versions/A/Resources/libFontRegistry.dylib
0x00007fff35bec000 	/System/Library/Frameworks/ImageIO.framework/Versions/A/Resources/libJPEG.dylib
0x00007fff35efe000 	/System/Library/Frameworks/ImageIO.framework/Versions/A/Resources/libTIFF.dylib
0x00007fff35ed4000 	/System/Library/Frameworks/ImageIO.framework/Versions/A/Resources/libPng.dylib
0x00007fff35b0a000 	/System/Library/Frameworks/ImageIO.framework/Versions/A/Resources/libGIF.dylib
0x00007fff35b0f000 	/System/Library/Frameworks/ImageIO.framework/Versions/A/Resources/libJP2.dylib
0x00007fff35efb000 	/System/Library/Frameworks/ImageIO.framework/Versions/A/Resources/libRadiance.dylib
0x00007fff431e9000 	/System/Library/PrivateFrameworks/AppleJPEG.framework/Versions/A/AppleJPEG
0x00007fff3c042000 	/System/Library/Frameworks/OpenGL.framework/Versions/A/Libraries/libGFXShared.dylib
0x00007fff3c205000 	/System/Library/Frameworks/OpenGL.framework/Versions/A/Libraries/libGLU.dylib
0x00007fff3c04b000 	/System/Library/Frameworks/OpenGL.framework/Versions/A/Libraries/libGL.dylib
0x00007fff3c057000 	/System/Library/Frameworks/OpenGL.framework/Versions/A/Libraries/libGLImage.dylib
0x00007fff3c034000 	/System/Library/Frameworks/OpenGL.framework/Versions/A/Libraries/libCVMSPluginSupport.dylib
0x00007fff3c03d000 	/System/Library/Frameworks/OpenGL.framework/Versions/A/Libraries/libCoreVMClient.dylib
0x00007fff5c8d7000 	/usr/lib/libcups.2.dylib
0x00007fff370be000 	/System/Library/Frameworks/Kerberos.framework/Versions/A/Kerberos
0x00007fff355ee000 	/System/Library/Frameworks/GSS.framework/Versions/A/GSS
0x00007fff5dfea000 	/usr/lib/libresolv.9.dylib
0x00007fff5cac9000 	/usr/lib/libiconv.2.dylib
0x00007fff4ef80000 	/System/Library/PrivateFrameworks/Heimdal.framework/Versions/A/Heimdal
0x00007fff5ca99000 	/usr/lib/libheimdal-asn1.dylib
0x00007fff3b6d9000 	/System/Library/Frameworks/OpenDirectory.framework/Versions/A/OpenDirectory
0x00007fff45a0f000 	/System/Library/PrivateFrameworks/CommonAuth.framework/Versions/A/CommonAuth
0x00007fff3b6bd000 	/System/Library/Frameworks/OpenDirectory.framework/Versions/A/Frameworks/CFOpenDirectory.framework/Versions/A/CFOpenDirectory
0x00007fff3e77f000 	/System/Library/Frameworks/SecurityFoundation.framework/Versions/A/SecurityFoundation
0x00007fff41e83000 	/System/Library/PrivateFrameworks/APFS.framework/Versions/A/APFS
0x00007fff5e44b000 	/usr/lib/libutil.dylib
0x00007fff5c174000 	/usr/lib/libcharset.1.dylib
0x00007fff43486000 	/System/Library/PrivateFrameworks/AppleSauce.framework/Versions/A/AppleSauce
0x00007fff43607000 	/System/Library/PrivateFrameworks/AssertionServices.framework/Versions/A/AssertionServices
0x00007fff43d37000 	/System/Library/PrivateFrameworks/BaseBoard.framework/Versions/A/BaseBoard
0x00007fff5ce9a000 	/usr/lib/libmecab.1.0.0.dylib
0x00007fff5ca93000 	/usr/lib/libgermantok.dylib
0x00007fff5bf44000 	/usr/lib/libThaiTokenizer.dylib
0x00007fff5b9ef000 	/usr/lib/libChineseTokenizer.dylib
0x00007fff509b0000 	/System/Library/PrivateFrameworks/LanguageModeling.framework/Versions/A/LanguageModeling
0x00007fff466f1000 	/System/Library/PrivateFrameworks/CoreEmoji.framework/Versions/A/CoreEmoji
0x00007fff50a8c000 	/System/Library/PrivateFrameworks/Lexicon.framework/Versions/A/Lexicon
0x00007fff50acf000 	/System/Library/PrivateFrameworks/LinguisticData.framework/Versions/A/LinguisticData
0x00007fff5c175000 	/usr/lib/libcmph.dylib
0x00007fff3e83d000 	/System/Library/Frameworks/ServiceManagement.framework/Versions/A/ServiceManagement
0x00007fff43c98000 	/System/Library/PrivateFrameworks/BackgroundTaskManagement.framework/Versions/A/BackgroundTaskManagement
0x00007fff5e544000 	/usr/lib/libxslt.1.dylib
0x00007fff324e0000 	/System/Library/Frameworks/Carbon.framework/Versions/A/Frameworks/Ink.framework/Versions/A/Ink
0x00007fff59a7f000 	/System/Library/PrivateFrameworks/TextureIO.framework/Versions/A/TextureIO
0x00007fff5bf98000 	/usr/lib/libate.dylib
0x00007fff479d3000 	/System/Library/PrivateFrameworks/CrashReporterSupport.framework/Versions/A/CrashReporterSupport
0x00007fff571b9000 	/System/Library/PrivateFrameworks/Sharing.framework/Versions/A/Sharing
0x00007fff439ea000 	/System/Library/PrivateFrameworks/AuthKit.framework/Versions/A/AuthKit
0x00007fff42f3e000 	/System/Library/PrivateFrameworks/Apple80211.framework/Versions/A/Apple80211
0x00007fff4777b000 	/System/Library/PrivateFrameworks/CoreUtils.framework/Versions/A/CoreUtils
0x00007fff34d21000 	/System/Library/Frameworks/CoreWLAN.framework/Versions/A/CoreWLAN
0x00007fff3571d000 	/System/Library/Frameworks/IOBluetooth.framework/Versions/A/IOBluetooth
0x00007fff55629000 	/System/Library/PrivateFrameworks/ProtocolBuffer.framework/Versions/A/ProtocolBuffer
0x00007fff51a2a000 	/System/Library/PrivateFrameworks/MobileKeyBag.framework/Versions/A/MobileKeyBag
0x00007fff46fbf000 	/System/Library/PrivateFrameworks/CorePhoneNumbers.framework/Versions/A/CorePhoneNumbers
0x00007fff4319d000 	/System/Library/PrivateFrameworks/AppleIDAuthSupport.framework/Versions/A/AppleIDAuthSupport
0x00007fff50983000 	/System/Library/PrivateFrameworks/KeychainCircle.framework/Versions/A/KeychainCircle
0x00007fff557df000 	/System/Library/PrivateFrameworks/ROCKit.framework/Versions/A/ROCKit
0x00007fff4796f000 	/System/Library/PrivateFrameworks/CoreWiFi.framework/Versions/A/CoreWiFi
0x00007fff32aae000 	/System/Library/Frameworks/CoreBluetooth.framework/Versions/A/CoreBluetooth
0x00007fff47bca000 	/System/Library/PrivateFrameworks/DebugSymbols.framework/Versions/A/DebugSymbols
0x00007fff4753b000 	/System/Library/PrivateFrameworks/CoreSymbolication.framework/Versions/A/CoreSymbolication
0x00007fff5929a000 	/System/Library/PrivateFrameworks/Symbolication.framework/Versions/A/Symbolication
0x00007fff58b3d000 	/System/Library/PrivateFrameworks/SpeechRecognitionCore.framework/Versions/A/SpeechRecognitionCore
0x0000000103272000 	/Library/Java/JavaVirtualMachines/jdk-9.0.4.jdk/Contents/Home/lib/server/libjvm.dylib
0x00007fff5e326000 	/usr/lib/libstdc++.6.dylib
0x0000000103f15000 	/Library/Java/JavaVirtualMachines/jdk-9.0.4.jdk/Contents/Home/lib/libverify.dylib
0x0000000103f22000 	/Library/Java/JavaVirtualMachines/jdk-9.0.4.jdk/Contents/Home/lib/libjava.dylib
0x0000000103f6e000 	/Library/Java/JavaVirtualMachines/jdk-9.0.4.jdk/Contents/Home/lib/libinstrument.dylib
0x0000000104808000 	/Library/Java/JavaVirtualMachines/jdk-9.0.4.jdk/Contents/Home/lib/libzip.dylib
0x0000000104810000 	/Library/Java/JavaVirtualMachines/jdk-9.0.4.jdk/Contents/Home/lib/libjimage.dylib
0x000000010cbee000 	/Library/Java/JavaVirtualMachines/jdk-9.0.4.jdk/Contents/Home/lib/libnio.dylib
0x000000010cbfe000 	/Library/Java/JavaVirtualMachines/jdk-9.0.4.jdk/Contents/Home/lib/./libnet.dylib
0x000000010cbba000 	/Library/Java/JavaVirtualMachines/jdk-9.0.4.jdk/Contents/Home/lib/libmanagement.dylib
0x000000010cbbf000 	/Library/Java/JavaVirtualMachines/jdk-9.0.4.jdk/Contents/Home/lib/libmanagement_ext.dylib

VM Arguments:
jvm_args: -ea -Didea.test.cyclic.buffer.size=1048576 -javaagent:/Applications/IntelliJ IDEA.app/Contents/lib/idea_rt.jar=55528:/Applications/IntelliJ IDEA.app/Contents/bin -Dfile.encoding=UTF-8 
java_command: com.intellij.rt.execution.junit.JUnitStarter -ideVersion5 -junit4 org.reaktivity.nukleus.socks.internal.control.ControlIT,shouldUnrouteReverseClient
java_class_path (initial): /Applications/IntelliJ IDEA.app/Contents/lib/idea_rt.jar:/Applications/IntelliJ IDEA.app/Contents/plugins/junit/lib/junit-rt.jar:/Applications/IntelliJ IDEA.app/Contents/plugins/junit/lib/junit5-rt.jar:/Users/liujin/classes/kaazing/socks/nukleus-socks.java/target/test-classes:/Users/liujin/classes/kaazing/socks/nukleus-socks.java/target/classes:/Users/liujin/.m2/repository/org/kaazing/k3po.junit/3.0.0-alpha-101/k3po.junit-3.0.0-alpha-101.jar:/Users/liujin/.m2/repository/junit/junit/4.12/junit-4.12.jar:/Users/liujin/.m2/repository/org/hamcrest/hamcrest-core/1.3/hamcrest-core-1.3.jar:/Users/liujin/.m2/repository/org/kaazing/net.tcp/1.1.0.9/net.tcp-1.1.0.9.jar:/Users/liujin/.m2/repository/org/kaazing/net.api/1.1.0.9/net.api-1.1.0.9.jar:/Users/liujin/.m2/repository/org/kaazing/community.license/2.18/community.license-2.18.jar:/Users/liujin/.m2/repository/org/kaazing/k3po.lang/3.0.0-alpha-101/k3po.lang-3.0.0-alpha-101.jar:/Users/liujin/.m2/repository/org/antlr/antlr4-runtime/4.7/antlr4-runtime-4.7.jar:/Users/liujin/.m2/repository/de/odysseus/juel/juel-api/2.2.7/juel-api-2.2.7.jar:/Users/liujin/.m2/repository/de/odysseus/juel/juel-impl/2.2.7/juel-impl-2.2.7.jar:/Users/liujin/.m2/repository/org/reaktivity/reaktor/0.94/reaktor-0.94.jar:/Users/liujin/.m2/repository/org/reaktivity/nukleus/0.37/nukleus-0.37.jar:/Users/liujin/.m2/repository/org/agrona/agrona/0.9.35/agrona-0.9.35.jar:/Users/liujin/.m2/repository/commons-cli/commons-cli/1.3.1/commons-cli-1.3.1.jar:/Users/liujin/.m2/repository/org/reaktivity/reaktor/0.94/reaktor-0.94-tests.jar:/Users/liujin/.m2/repository/org/reaktivity/nukleus-socks.spec/develop-SNAPSHOT/nukleus-socks.spec-develop-SNAPSHOT.jar:/Users/liujin/.m2/repository/org/reaktivity/nukleus.spec/0.37/nukleus.spec-0.37.jar:/Users/liujin/.m2/repository/org/openjdk/jmh/jmh-generator-annprocess/1.17.4/jmh-generator-annprocess-1.17.4.jar:/Users/liujin/.m2/repository/org/openjdk/jmh/jmh-core/1.17.4/jmh-core-1.17.4.jar:/Users/liujin/.m2/
Launcher Type: SUN_STANDARD

Logging:
Log output configuration:
#0: stdout all=warning uptime,level,tags
#1: stderr all=off uptime,level,tags

Environment Variables:
JAVA_HOME=/Library/Java/JavaVirtualMachines/jdk-9.0.4.jdk/Contents/Home
CLASSPATH=.:/Users/liujin/cs61b-software/lib/*
PATH=/Users/liujin/miniconda2/bin:/Library/Frameworks/Python.framework/Versions/3.6/bin:/Library/Frameworks/Python.framework/Versions/3.6/bin:/Library/Frameworks/Python.framework/Versions/3.6/bin:/Users/liujin/anaconda3/bin:/Library/Frameworks/Python.framework/Versions/3.6/bin:/Users/liujin/anaconda/bin:/usr/local/bin:/usr/bin:/bin:/usr/sbin:/sbin:/Library/TeX/texbin:/usr/local/go/bin:/usr/local/aria2/bin:/opt/X11/bin:/Library/Frameworks/Mono.framework/Versions/Current/Commands:/Applications/Wireshark.app/Contents/MacOS:/Library/Frameworks/Python.framework/Versions/3.4/bin:/Users/liujin/cs61b-software/bin:/usr/local/mysql/bin/
SHELL=/bin/bash
DISPLAY=/private/tmp/com.apple.launchd.sRQq1w8gji/org.macosforge.xquartz:0

Signal Handlers:
SIGSEGV: [libjvm.dylib+0x73f3dc], sa_mask[0]=11111111011111110111111111111111, sa_flags=SA_ONSTACK|SA_RESTART|SA_SIGINFO
SIGBUS: [libjvm.dylib+0x73f3dc], sa_mask[0]=11111111011111110111111111111111, sa_flags=SA_RESTART|SA_SIGINFO
SIGFPE: [libjvm.dylib+0x73f3dc], sa_mask[0]=11111111011111110111111111111111, sa_flags=SA_RESTART|SA_SIGINFO
SIGPIPE: [libjvm.dylib+0x5f233c], sa_mask[0]=11111111011111110111111111111111, sa_flags=SA_RESTART|SA_SIGINFO
SIGXFSZ: [libjvm.dylib+0x5f233c], sa_mask[0]=11111111011111110111111111111111, sa_flags=SA_RESTART|SA_SIGINFO
SIGILL: [libjvm.dylib+0x73f3dc], sa_mask[0]=11111111011111110111111111111111, sa_flags=SA_RESTART|SA_SIGINFO
SIGUSR2: [libjvm.dylib+0x5f2bcc], sa_mask[0]=00100000000000000000000000000000, sa_flags=SA_RESTART|SA_SIGINFO
SIGHUP: [libjvm.dylib+0x5f1409], sa_mask[0]=11111111011111110111111111111111, sa_flags=SA_RESTART|SA_SIGINFO
SIGINT: [libjvm.dylib+0x5f1409], sa_mask[0]=11111111011111110111111111111111, sa_flags=SA_RESTART|SA_SIGINFO
SIGTERM: [libjvm.dylib+0x5f1409], sa_mask[0]=11111111011111110111111111111111, sa_flags=SA_RESTART|SA_SIGINFO
SIGQUIT: [libjvm.dylib+0x5f1409], sa_mask[0]=11111111011111110111111111111111, sa_flags=SA_RESTART|SA_SIGINFO


---------------  S Y S T E M  ---------------

OS:uname:Darwin 18.7.0 Darwin Kernel Version 18.7.0: Thu Jun 20 18:42:21 PDT 2019; root:xnu-4903.270.47~4/RELEASE_X86_64 x86_64
rlimit: STACK 8192k, CORE 0k, NPROC 709, NOFILE 10240, AS infinity
load average:4.90 3.80 3.59

CPU:total 4 (initial active 4) (2 cores per cpu, 2 threads per core) family 6 model 61 stepping 4, cmov, cx8, fxsr, mmx, sse, sse2, sse3, ssse3, sse4.1, sse4.2, popcnt, avx, avx2, aes, clmul, erms, 3dnowpref, lzcnt, ht, tsc, tscinvbit, bmi1, bmi2, adx, fma

Memory: 4k page, physical 8388608k(100000k free)

vm_info: Java HotSpot(TM) 64-Bit Server VM (9.0.4+11) for bsd-amd64 JRE (9.0.4+11), built on Dec 20 2017 02:08:50 by "mach5one" with gcc 4.2.1 Compatible Apple LLVM 6.1.0 (clang-602.0.49)

END.
